<?xml version="1.0" encoding="UTF-8"?>
<!-- Generated by org.testng.reporters.JUnitXMLReporter -->
<testsuite ignored="1" hostname="DESKTOP-5IJHCCQ" failures="0" tests="10" name="Default test" time="75.354" errors="0" timestamp="2022-06-05T22:57:54 IST">
  <testcase classname="Runner.loginnobroker" name="loginApp" time="2.317"/>
  <testcase classname="Runner.loginnobroker" name="searchpapp" time="5.027"/>
  <testcase classname="Runner.loginnobroker" name="menuappoo" time="1.119"/>
  <testcase classname="Runner.loginnobroker" name="searapp" time="0.68"/>
  <testcase classname="Runner.loginnobroker" name="studyapp" time="7.143"/>
  <testcase classname="Runner.loginnobroker" name="aboutaa" time="15.356"/>
  <testcase classname="Runner.loginnobroker" name="rentalagr" time="18.422"/>
  <testcase classname="Runner.loginnobroker" name="loancart" time="8.134"/>
  <testcase classname="Runner.loginnobroker" name="siteapp" time="1.601"/>
  <testcase classname="Runner.loginnobroker" name="infoapp" time="5.32"/>
  <testcase classname="Runner.Baseclass" name="@BeforeSuite setupsuite" time="0.0">
    <ignored/>
  </testcase> <!-- @BeforeSuite setupsuite -->
</testsuite> <!-- Default test -->
