<?xml version="1.0" encoding="UTF-8"?>
<testng-results ignored="1" total="11" passed="10" failed="0" skipped="0">
  <reporter-output>
    <line>
      <![CDATA[setting up reports and started]]>
    </line>
    <line>
      <![CDATA[setting Done]]>
    </line>
    <line>
      <![CDATA[menu Done]]>
    </line>
    <line>
      <![CDATA[searching Done]]>
    </line>
    <line>
      <![CDATA[rentapp Done]]>
    </line>
    <line>
      <![CDATA[assertions Done]]>
    </line>
  </reporter-output>
  <suite started-at="2022-06-05T22:56:39 IST" name="Default suite" finished-at="2022-06-05T22:57:54 IST" duration-ms="75354">
    <groups>
    </groups>
    <test started-at="2022-06-05T22:56:39 IST" name="Default test" finished-at="2022-06-05T22:57:54 IST" duration-ms="75354">
      <class name="Runner.loginnobroker">
        <test-method is-config="true" signature="setupsuite()[pri:0, instance:Runner.loginnobroker@27f981c6]" started-at="2022-06-05T22:56:39 IST" name="setupsuite" finished-at="2022-06-05T22:56:39 IST" duration-ms="422" status="PASS">
          <reporter-output>
            <line>
              <![CDATA[setting up reports and started]]>
            </line>
            <line>
              <![CDATA[setting Done]]>
            </line>
          </reporter-output>
        </test-method> <!-- setupsuite -->
        <test-method is-config="true" signature="voidsetup()[pri:0, instance:Runner.loginnobroker@27f981c6]" started-at="2022-06-05T22:56:39 IST" name="voidsetup" finished-at="2022-06-05T22:56:48 IST" duration-ms="8645" status="PASS">
          <reporter-output>
          </reporter-output>
        </test-method> <!-- voidsetup -->
        <test-method signature="loginApp()[pri:1, instance:Runner.loginnobroker@27f981c6]" started-at="2022-06-05T22:56:48 IST" name="loginApp" finished-at="2022-06-05T22:56:50 IST" duration-ms="2317" status="PASS">
          <reporter-output>
          </reporter-output>
        </test-method> <!-- loginApp -->
        <test-method is-config="true" signature="terdown(org.testng.ITestResult)[pri:0, instance:Runner.loginnobroker@27f981c6]" started-at="2022-06-05T22:56:50 IST" name="terdown" finished-at="2022-06-05T22:56:51 IST" duration-ms="610" status="PASS">
          <params>
            <param index="0">
              <value>
                <![CDATA[[TestResult name=loginApp status=SUCCESS method=loginnobroker.loginApp()[pri:1, instance:Runner.loginnobroker@27f981c6] output={null}]]]>
              </value>
            </param>
          </params>
          <reporter-output>
          </reporter-output>
        </test-method> <!-- terdown -->
        <test-method signature="searchpapp()[pri:2, instance:Runner.loginnobroker@27f981c6]" started-at="2022-06-05T22:56:51 IST" name="searchpapp" finished-at="2022-06-05T22:56:56 IST" duration-ms="5027" status="PASS">
          <reporter-output>
          </reporter-output>
        </test-method> <!-- searchpapp -->
        <test-method is-config="true" signature="terdown(org.testng.ITestResult)[pri:0, instance:Runner.loginnobroker@27f981c6]" started-at="2022-06-05T22:56:56 IST" name="terdown" finished-at="2022-06-05T22:56:56 IST" duration-ms="37" status="PASS">
          <params>
            <param index="0">
              <value>
                <![CDATA[[TestResult name=searchpapp status=SUCCESS method=loginnobroker.searchpapp()[pri:2, instance:Runner.loginnobroker@27f981c6] output={null}]]]>
              </value>
            </param>
          </params>
          <reporter-output>
          </reporter-output>
        </test-method> <!-- terdown -->
        <test-method signature="menuappoo()[pri:3, instance:Runner.loginnobroker@27f981c6]" started-at="2022-06-05T22:56:56 IST" name="menuappoo" finished-at="2022-06-05T22:56:57 IST" duration-ms="1119" status="PASS">
          <reporter-output>
            <line>
              <![CDATA[menu Done]]>
            </line>
          </reporter-output>
        </test-method> <!-- menuappoo -->
        <test-method is-config="true" signature="terdown(org.testng.ITestResult)[pri:0, instance:Runner.loginnobroker@27f981c6]" started-at="2022-06-05T22:56:57 IST" name="terdown" finished-at="2022-06-05T22:56:57 IST" duration-ms="16" status="PASS">
          <params>
            <param index="0">
              <value>
                <![CDATA[[TestResult name=menuappoo status=SUCCESS method=loginnobroker.menuappoo()[pri:3, instance:Runner.loginnobroker@27f981c6] output=menu Done]]]>
              </value>
            </param>
          </params>
          <reporter-output>
          </reporter-output>
        </test-method> <!-- terdown -->
        <test-method signature="searapp()[pri:4, instance:Runner.loginnobroker@27f981c6]" started-at="2022-06-05T22:56:57 IST" name="searapp" finished-at="2022-06-05T22:56:58 IST" duration-ms="680" status="PASS">
          <reporter-output>
            <line>
              <![CDATA[searching Done]]>
            </line>
          </reporter-output>
        </test-method> <!-- searapp -->
        <test-method is-config="true" signature="terdown(org.testng.ITestResult)[pri:0, instance:Runner.loginnobroker@27f981c6]" started-at="2022-06-05T22:56:58 IST" name="terdown" finished-at="2022-06-05T22:56:58 IST" duration-ms="20" status="PASS">
          <params>
            <param index="0">
              <value>
                <![CDATA[[TestResult name=searapp status=SUCCESS method=loginnobroker.searapp()[pri:4, instance:Runner.loginnobroker@27f981c6] output=searching Done]]]>
              </value>
            </param>
          </params>
          <reporter-output>
          </reporter-output>
        </test-method> <!-- terdown -->
        <test-method signature="studyapp()[pri:5, instance:Runner.loginnobroker@27f981c6]" started-at="2022-06-05T22:56:58 IST" name="studyapp" finished-at="2022-06-05T22:57:05 IST" duration-ms="7143" status="PASS">
          <reporter-output>
          </reporter-output>
        </test-method> <!-- studyapp -->
        <test-method is-config="true" signature="terdown(org.testng.ITestResult)[pri:0, instance:Runner.loginnobroker@27f981c6]" started-at="2022-06-05T22:57:05 IST" name="terdown" finished-at="2022-06-05T22:57:05 IST" duration-ms="25" status="PASS">
          <params>
            <param index="0">
              <value>
                <![CDATA[[TestResult name=studyapp status=SUCCESS method=loginnobroker.studyapp()[pri:5, instance:Runner.loginnobroker@27f981c6] output={null}]]]>
              </value>
            </param>
          </params>
          <reporter-output>
          </reporter-output>
        </test-method> <!-- terdown -->
        <test-method signature="aboutaa()[pri:6, instance:Runner.loginnobroker@27f981c6]" started-at="2022-06-05T22:57:05 IST" name="aboutaa" finished-at="2022-06-05T22:57:20 IST" duration-ms="15356" status="PASS">
          <reporter-output>
            <line>
              <![CDATA[rentapp Done]]>
            </line>
          </reporter-output>
        </test-method> <!-- aboutaa -->
        <test-method is-config="true" signature="terdown(org.testng.ITestResult)[pri:0, instance:Runner.loginnobroker@27f981c6]" started-at="2022-06-05T22:57:20 IST" name="terdown" finished-at="2022-06-05T22:57:20 IST" duration-ms="31" status="PASS">
          <params>
            <param index="0">
              <value>
                <![CDATA[[TestResult name=aboutaa status=SUCCESS method=loginnobroker.aboutaa()[pri:6, instance:Runner.loginnobroker@27f981c6] output=rentapp Done]]]>
              </value>
            </param>
          </params>
          <reporter-output>
          </reporter-output>
        </test-method> <!-- terdown -->
        <test-method signature="rentalagr()[pri:7, instance:Runner.loginnobroker@27f981c6]" started-at="2022-06-05T22:57:20 IST" name="rentalagr" finished-at="2022-06-05T22:57:39 IST" duration-ms="18422" status="PASS">
          <reporter-output>
            <line>
              <![CDATA[assertions Done]]>
            </line>
          </reporter-output>
        </test-method> <!-- rentalagr -->
        <test-method is-config="true" signature="terdown(org.testng.ITestResult)[pri:0, instance:Runner.loginnobroker@27f981c6]" started-at="2022-06-05T22:57:39 IST" name="terdown" finished-at="2022-06-05T22:57:39 IST" duration-ms="17" status="PASS">
          <params>
            <param index="0">
              <value>
                <![CDATA[[TestResult name=rentalagr status=SUCCESS method=loginnobroker.rentalagr()[pri:7, instance:Runner.loginnobroker@27f981c6] output=assertions Done]]]>
              </value>
            </param>
          </params>
          <reporter-output>
          </reporter-output>
        </test-method> <!-- terdown -->
        <test-method signature="loancart()[pri:8, instance:Runner.loginnobroker@27f981c6]" started-at="2022-06-05T22:57:39 IST" name="loancart" finished-at="2022-06-05T22:57:47 IST" duration-ms="8134" status="PASS">
          <reporter-output>
          </reporter-output>
        </test-method> <!-- loancart -->
        <test-method is-config="true" signature="terdown(org.testng.ITestResult)[pri:0, instance:Runner.loginnobroker@27f981c6]" started-at="2022-06-05T22:57:47 IST" name="terdown" finished-at="2022-06-05T22:57:47 IST" duration-ms="42" status="PASS">
          <params>
            <param index="0">
              <value>
                <![CDATA[[TestResult name=loancart status=SUCCESS method=loginnobroker.loancart()[pri:8, instance:Runner.loginnobroker@27f981c6] output={null}]]]>
              </value>
            </param>
          </params>
          <reporter-output>
          </reporter-output>
        </test-method> <!-- terdown -->
        <test-method signature="siteapp()[pri:9, instance:Runner.loginnobroker@27f981c6]" started-at="2022-06-05T22:57:47 IST" name="siteapp" finished-at="2022-06-05T22:57:48 IST" duration-ms="1601" status="PASS">
          <reporter-output>
          </reporter-output>
        </test-method> <!-- siteapp -->
        <test-method is-config="true" signature="terdown(org.testng.ITestResult)[pri:0, instance:Runner.loginnobroker@27f981c6]" started-at="2022-06-05T22:57:48 IST" name="terdown" finished-at="2022-06-05T22:57:48 IST" duration-ms="8" status="PASS">
          <params>
            <param index="0">
              <value>
                <![CDATA[[TestResult name=siteapp status=SUCCESS method=loginnobroker.siteapp()[pri:9, instance:Runner.loginnobroker@27f981c6] output={null}]]]>
              </value>
            </param>
          </params>
          <reporter-output>
          </reporter-output>
        </test-method> <!-- terdown -->
        <test-method signature="infoapp()[pri:10, instance:Runner.loginnobroker@27f981c6]" started-at="2022-06-05T22:57:48 IST" name="infoapp" finished-at="2022-06-05T22:57:54 IST" duration-ms="5320" status="PASS">
          <reporter-output>
          </reporter-output>
        </test-method> <!-- infoapp -->
        <test-method is-config="true" signature="terdown(org.testng.ITestResult)[pri:0, instance:Runner.loginnobroker@27f981c6]" started-at="2022-06-05T22:57:54 IST" name="terdown" finished-at="2022-06-05T22:57:54 IST" duration-ms="22" status="PASS">
          <params>
            <param index="0">
              <value>
                <![CDATA[[TestResult name=infoapp status=SUCCESS method=loginnobroker.infoapp()[pri:10, instance:Runner.loginnobroker@27f981c6] output={null}]]]>
              </value>
            </param>
          </params>
          <reporter-output>
          </reporter-output>
        </test-method> <!-- terdown -->
        <test-method is-config="true" signature="teardown()[pri:0, instance:Runner.loginnobroker@27f981c6]" started-at="2022-06-05T22:57:54 IST" name="teardown" finished-at="2022-06-05T22:57:54 IST" duration-ms="694" status="PASS">
          <reporter-output>
          </reporter-output>
        </test-method> <!-- teardown -->
      </class> <!-- Runner.loginnobroker -->
    </test> <!-- Default test -->
  </suite> <!-- Default suite -->
</testng-results>
